<?xml version="1.0" encoding="UTF-8"?>
<testng-results ignored="0" total="2" passed="2" failed="0" skipped="0">
  <reporter-output>
  </reporter-output>
  <suite started-at="2026-03-12T16:48:00 PDT" name="Default suite" finished-at="2026-03-12T16:48:05 PDT" duration-ms="5286">
    <groups>
      <group name="cucumber">
        <method signature="AbstractTestNGCucumberTests.runScenario(io.cucumber.testng.PickleWrapper,io.cucumber.testng.FeatureWrapper)[pri:0, instance:runners.RunnerClass@6aaceffd]" name="runScenario" class="io.cucumber.testng.AbstractTestNGCucumberTests"/>
      </group> <!-- cucumber -->
    </groups>
    <test started-at="2026-03-12T16:48:00 PDT" name="Default test" finished-at="2026-03-12T16:48:05 PDT" duration-ms="5286">
      <class name="runners.RunnerClass">
        <test-method is-config="true" signature="setUpClass(org.testng.ITestContext)[pri:0, instance:runners.RunnerClass@6aaceffd]" started-at="2026-03-12T16:48:00 PDT" name="setUpClass" finished-at="2026-03-12T16:48:00 PDT" duration-ms="421" status="PASS">
          <params>
            <param index="0">
              <value>
                <![CDATA[org.testng.TestRunner@1fbf088b]]>
              </value>
            </param>
          </params>
          <reporter-output>
          </reporter-output>
        </test-method> <!-- setUpClass -->
        <test-method signature="runScenario(io.cucumber.testng.PickleWrapper,io.cucumber.testng.FeatureWrapper)[pri:0, instance:runners.RunnerClass@6aaceffd]" started-at="2026-03-12T16:48:00 PDT" name="runScenario" description="Runs Cucumber Scenarios" data-provider="scenarios" finished-at="2026-03-12T16:48:03 PDT" duration-ms="2865" status="PASS">
          <params>
            <param index="0">
              <value>
                <![CDATA["Verify login with valid credentials"]]>
              </value>
            </param>
            <param index="1">
              <value>
                <![CDATA["Login functionlity of Saucedemo application"]]>
              </value>
            </param>
          </params>
          <reporter-output>
          </reporter-output>
        </test-method> <!-- runScenario -->
        <test-method signature="runScenario(io.cucumber.testng.PickleWrapper,io.cucumber.testng.FeatureWrapper)[pri:0, instance:runners.RunnerClass@6aaceffd]" started-at="2026-03-12T16:48:03 PDT" name="runScenario" description="Runs Cucumber Scenarios" data-provider="scenarios" finished-at="2026-03-12T16:48:05 PDT" duration-ms="1947" status="PASS">
          <params>
            <param index="0">
              <value>
                <![CDATA["Verify login with invalid credentials"]]>
              </value>
            </param>
            <param index="1">
              <value>
                <![CDATA["Login functionlity of Saucedemo application"]]>
              </value>
            </param>
          </params>
          <reporter-output>
          </reporter-output>
        </test-method> <!-- runScenario -->
        <test-method is-config="true" signature="tearDownClass()[pri:0, instance:runners.RunnerClass@6aaceffd]" started-at="2026-03-12T16:48:05 PDT" name="tearDownClass" finished-at="2026-03-12T16:48:05 PDT" duration-ms="13" status="PASS">
          <reporter-output>
          </reporter-output>
        </test-method> <!-- tearDownClass -->
      </class> <!-- runners.RunnerClass -->
    </test> <!-- Default test -->
  </suite> <!-- Default suite -->
</testng-results>
