<?xml version="1.0" encoding="UTF-8"?>
<testng-results ignored="0" total="9" passed="9" failed="0" skipped="0">
  <reporter-output>
  </reporter-output>
  <suite started-at="2026-03-17T10:21:38 PDT" name="Default suite" finished-at="2026-03-17T10:22:11 PDT" duration-ms="32460">
    <groups>
      <group name="cucumber">
        <method signature="AbstractTestNGCucumberTests.runScenario(io.cucumber.testng.PickleWrapper,io.cucumber.testng.FeatureWrapper)[pri:0, instance:runners.RunnerClass@68e5eea7]" name="runScenario" class="io.cucumber.testng.AbstractTestNGCucumberTests"/>
      </group> <!-- cucumber -->
    </groups>
    <test started-at="2026-03-17T10:21:38 PDT" name="Default test" finished-at="2026-03-17T10:22:11 PDT" duration-ms="32460">
      <class name="runners.RunnerClass">
        <test-method is-config="true" signature="setUpClass(org.testng.ITestContext)[pri:0, instance:runners.RunnerClass@68e5eea7]" started-at="2026-03-17T10:21:38 PDT" name="setUpClass" finished-at="2026-03-17T10:21:39 PDT" duration-ms="452" status="PASS">
          <params>
            <param index="0">
              <value>
                <![CDATA[org.testng.TestRunner@14a1769d]]>
              </value>
            </param>
          </params>
          <reporter-output>
          </reporter-output>
        </test-method> <!-- setUpClass -->
        <test-method signature="runScenario(io.cucumber.testng.PickleWrapper,io.cucumber.testng.FeatureWrapper)[pri:0, instance:runners.RunnerClass@68e5eea7]" started-at="2026-03-17T10:21:39 PDT" name="runScenario" description="Runs Cucumber Scenarios" data-provider="scenarios" finished-at="2026-03-17T10:21:43 PDT" duration-ms="4222" status="PASS">
          <params>
            <param index="0">
              <value>
                <![CDATA["Verify login with valid credentials"]]>
              </value>
            </param>
            <param index="1">
              <value>
                <![CDATA["Login functionlity of Saucedemo application"]]>
              </value>
            </param>
          </params>
          <reporter-output>
          </reporter-output>
        </test-method> <!-- runScenario -->
        <test-method signature="runScenario(io.cucumber.testng.PickleWrapper,io.cucumber.testng.FeatureWrapper)[pri:0, instance:runners.RunnerClass@68e5eea7]" started-at="2026-03-17T10:21:43 PDT" name="runScenario" description="Runs Cucumber Scenarios" data-provider="scenarios" finished-at="2026-03-17T10:21:45 PDT" duration-ms="1997" status="PASS">
          <params>
            <param index="0">
              <value>
                <![CDATA["Verify login with invalid credentials"]]>
              </value>
            </param>
            <param index="1">
              <value>
                <![CDATA["Login functionlity of Saucedemo application"]]>
              </value>
            </param>
          </params>
          <reporter-output>
          </reporter-output>
        </test-method> <!-- runScenario -->
        <test-method signature="runScenario(io.cucumber.testng.PickleWrapper,io.cucumber.testng.FeatureWrapper)[pri:0, instance:runners.RunnerClass@68e5eea7]" started-at="2026-03-17T10:21:45 PDT" name="runScenario" description="Runs Cucumber Scenarios" data-provider="scenarios" finished-at="2026-03-17T10:21:47 PDT" duration-ms="2140" status="PASS">
          <params>
            <param index="0">
              <value>
                <![CDATA["Verify Products title on the products page"]]>
              </value>
            </param>
            <param index="1">
              <value>
                <![CDATA["Products page functionalities of Sauce Demo application"]]>
              </value>
            </param>
          </params>
          <reporter-output>
          </reporter-output>
        </test-method> <!-- runScenario -->
        <test-method signature="runScenario(io.cucumber.testng.PickleWrapper,io.cucumber.testng.FeatureWrapper)[pri:0, instance:runners.RunnerClass@68e5eea7]" started-at="2026-03-17T10:21:47 PDT" name="runScenario" description="Runs Cucumber Scenarios" data-provider="scenarios" finished-at="2026-03-17T10:21:49 PDT" duration-ms="2169" status="PASS">
          <params>
            <param index="0">
              <value>
                <![CDATA["Verify the products are displayed on the products page"]]>
              </value>
            </param>
            <param index="1">
              <value>
                <![CDATA["Products page functionalities of Sauce Demo application"]]>
              </value>
            </param>
          </params>
          <reporter-output>
          </reporter-output>
        </test-method> <!-- runScenario -->
        <test-method signature="runScenario(io.cucumber.testng.PickleWrapper,io.cucumber.testng.FeatureWrapper)[pri:0, instance:runners.RunnerClass@68e5eea7]" started-at="2026-03-17T10:21:49 PDT" name="runScenario" description="Runs Cucumber Scenarios" data-provider="scenarios" finished-at="2026-03-17T10:21:51 PDT" duration-ms="2267" status="PASS">
          <params>
            <param index="0">
              <value>
                <![CDATA["Verify product information is displayed"]]>
              </value>
            </param>
            <param index="1">
              <value>
                <![CDATA["Products page functionalities of Sauce Demo application"]]>
              </value>
            </param>
          </params>
          <reporter-output>
          </reporter-output>
        </test-method> <!-- runScenario -->
        <test-method signature="runScenario(io.cucumber.testng.PickleWrapper,io.cucumber.testng.FeatureWrapper)[pri:0, instance:runners.RunnerClass@68e5eea7]" started-at="2026-03-17T10:21:51 PDT" name="runScenario" description="Runs Cucumber Scenarios" data-provider="scenarios" finished-at="2026-03-17T10:21:54 PDT" duration-ms="2234" status="PASS">
          <params>
            <param index="0">
              <value>
                <![CDATA["Verify the sort dropdown displayed with all options"]]>
              </value>
            </param>
            <param index="1">
              <value>
                <![CDATA["Products page functionalities of Sauce Demo application"]]>
              </value>
            </param>
          </params>
          <reporter-output>
          </reporter-output>
        </test-method> <!-- runScenario -->
        <test-method signature="runScenario(io.cucumber.testng.PickleWrapper,io.cucumber.testng.FeatureWrapper)[pri:0, instance:runners.RunnerClass@68e5eea7]" started-at="2026-03-17T10:21:54 PDT" name="runScenario" description="Runs Cucumber Scenarios" data-provider="scenarios" finished-at="2026-03-17T10:21:56 PDT" duration-ms="2486" status="PASS">
          <params>
            <param index="0">
              <value>
                <![CDATA["Verify Sort products by price low to high"]]>
              </value>
            </param>
            <param index="1">
              <value>
                <![CDATA["Products page functionalities of Sauce Demo application"]]>
              </value>
            </param>
          </params>
          <reporter-output>
          </reporter-output>
        </test-method> <!-- runScenario -->
        <test-method signature="runScenario(io.cucumber.testng.PickleWrapper,io.cucumber.testng.FeatureWrapper)[pri:0, instance:runners.RunnerClass@68e5eea7]" started-at="2026-03-17T10:21:56 PDT" name="runScenario" description="Runs Cucumber Scenarios" data-provider="scenarios" finished-at="2026-03-17T10:21:58 PDT" duration-ms="2127" status="PASS">
          <params>
            <param index="0">
              <value>
                <![CDATA["Verify Add to Cart button"]]>
              </value>
            </param>
            <param index="1">
              <value>
                <![CDATA["Products page functionalities of Sauce Demo application"]]>
              </value>
            </param>
          </params>
          <reporter-output>
          </reporter-output>
        </test-method> <!-- runScenario -->
        <test-method signature="runScenario(io.cucumber.testng.PickleWrapper,io.cucumber.testng.FeatureWrapper)[pri:0, instance:runners.RunnerClass@68e5eea7]" started-at="2026-03-17T10:21:58 PDT" name="runScenario" description="Runs Cucumber Scenarios" data-provider="scenarios" finished-at="2026-03-17T10:22:10 PDT" duration-ms="12301" status="PASS">
          <params>
            <param index="0">
              <value>
                <![CDATA["Remove product from cart"]]>
              </value>
            </param>
            <param index="1">
              <value>
                <![CDATA["Products page functionalities of Sauce Demo application"]]>
              </value>
            </param>
          </params>
          <reporter-output>
          </reporter-output>
        </test-method> <!-- runScenario -->
        <test-method is-config="true" signature="tearDownClass()[pri:0, instance:runners.RunnerClass@68e5eea7]" started-at="2026-03-17T10:22:10 PDT" name="tearDownClass" finished-at="2026-03-17T10:22:11 PDT" duration-ms="19" status="PASS">
          <reporter-output>
          </reporter-output>
        </test-method> <!-- tearDownClass -->
      </class> <!-- runners.RunnerClass -->
    </test> <!-- Default test -->
  </suite> <!-- Default suite -->
</testng-results>
