<?xml version="1.0" encoding="UTF-8"?>
<!-- Generated by org.testng.reporters.JUnitReportReporter -->
<testsuite hostname="NupurPrakash" failures="0" tests="9" name="runners.RunnerClass" time="31.943" errors="0" timestamp="2026-03-17T10:22:11 PDT" skipped="0">
  <testcase classname="runners.RunnerClass" name="runScenario" time="12.301"/>
  <testcase classname="runners.RunnerClass" name="runScenario" time="2.267"/>
  <testcase classname="runners.RunnerClass" name="runScenario" time="1.997"/>
  <testcase classname="runners.RunnerClass" name="runScenario" time="2.169"/>
  <testcase classname="runners.RunnerClass" name="runScenario" time="4.222"/>
  <testcase classname="runners.RunnerClass" name="runScenario" time="2.234"/>
  <testcase classname="runners.RunnerClass" name="runScenario" time="2.486"/>
  <testcase classname="runners.RunnerClass" name="runScenario" time="2.127"/>
  <testcase classname="runners.RunnerClass" name="runScenario" time="2.140"/>
</testsuite> <!-- runners.RunnerClass -->
